<?xml version="1.0" encoding="UTF-8"?>
<!-- Generated by org.testng.reporters.JUnitReportReporter -->
<testsuite hostname="MOTAZ" failures="0" tests="1" name="pit.AutomationTrainingProgram.NewTest" time="0.016" errors="0" timestamp="2022-05-04T21:06:26 EDT" skipped="0">
  <testcase classname="pit.AutomationTrainingProgram.NewTest" name="f" time="0.016"/>
  <system-out/>
</testsuite> <!-- pit.AutomationTrainingProgram.NewTest -->
