<?xml version="1.0" encoding="UTF-8"?>
<!-- Generated by org.testng.reporters.JUnitReportReporter -->
<testsuite hostname="MOTAZ" failures="0" tests="1" name="pit.AutomationTrainingProgram.broweser" time="0.426" errors="0" timestamp="2022-05-10T20:37:07 EDT" skipped="0">
  <testcase classname="pit.AutomationTrainingProgram.broweser" name="f" time="0.426"/>
  <system-out/>
</testsuite> <!-- pit.AutomationTrainingProgram.broweser -->
